# JRE version: 7.0_21-b02
# Java VM: OpenJDK Client VM (23.7-b01 mixed mode linux-x86 )
Heap
 def new generation   total 7232K, used 4482K [0x90780000, 0x90f50000, 0x9b220000)
  eden space 6464K,  62% used [0x90780000, 0x90b76b40, 0x90dd0000)
  from space 768K,  55% used [0x90e90000, 0x90efa078, 0x90f50000)
  to   space 768K,   0% used [0x90dd0000, 0x90dd0000, 0x90e90000)
 tenured generation   total 15928K, used 11952K [0x9b220000, 0x9c1ae000, 0xb0780000)
   the space 15928K,  75% used [0x9b220000, 0x9bdcc348, 0x9bdcc400, 0x9c1ae000)
 compacting perm gen  total 12288K, used 5096K [0xb0780000, 0xb1380000, 0xb4780000)
   the space 12288K,  41% used [0xb0780000, 0xb0c7a1f8, 0xb0c7a200, 0xb1380000)
GC Heap History (10 events):
Event: 333,558 GC heap before
{Heap before GC invocations=276 (full 2):
 def new generation   total 7232K, used 6697K [0x90780000, 0x90f50000, 0x9b220000)
  eden space 6464K, 100% used [0x90780000, 0x90dd0000, 0x90dd0000)
  from space 768K,  30% used [0x90dd0000, 0x90e0a500, 0x90e90000)
  to   space 768K,   0% used [0x90e90000, 0x90e90000, 0x90f50000)
 tenured generation   total 15928K, used 11909K [0x9b220000, 0x9c1ae000, 0xb0780000)
   the space 15928K,  74% used [0x9b220000, 0x9bdc1708, 0x9bdc1800, 0x9c1ae000)
 compacting perm gen  total 12288K, used 5096K [0xb0780000, 0xb1380000, 0xb4780000)
   the space 12288K,  41% used [0xb0780000, 0xb0c7a1f8, 0xb0c7a200, 0xb1380000)
No shared spaces configured.
Event: 333,564 GC heap after
Heap after GC invocations=277 (full 2):
 def new generation   total 7232K, used 295K [0x90780000, 0x90f50000, 0x9b220000)
  eden space 6464K,   0% used [0x90780000, 0x90780000, 0x90dd0000)
  from space 768K,  38% used [0x90e90000, 0x90ed9c18, 0x90f50000)
  to   space 768K,   0% used [0x90dd0000, 0x90dd0000, 0x90e90000)
 tenured generation   total 15928K, used 11909K [0x9b220000, 0x9c1ae000, 0xb0780000)
   the space 15928K,  74% used [0x9b220000, 0x9bdc1708, 0x9bdc1800, 0x9c1ae000)
 compacting perm gen  total 12288K, used 5096K [0xb0780000, 0xb1380000, 0xb4780000)
   the space 12288K,  41% used [0xb0780000, 0xb0c7a1f8, 0xb0c7a200, 0xb1380000)
No shared spaces configured.
}
Event: 338,394 GC heap before
{Heap before GC invocations=277 (full 2):
 def new generation   total 7232K, used 6759K [0x90780000, 0x90f50000, 0x9b220000)
  eden space 6464K, 100% used [0x90780000, 0x90dd0000, 0x90dd0000)
  from space 768K,  38% used [0x90e90000, 0x90ed9c18, 0x90f50000)
  to   space 768K,   0% used [0x90dd0000, 0x90dd0000, 0x90e90000)
 tenured generation   total 15928K, used 11909K [0x9b220000, 0x9c1ae000, 0xb0780000)
   the space 15928K,  74% used [0x9b220000, 0x9bdc1708, 0x9bdc1800, 0x9c1ae000)
 compacting perm gen  total 12288K, used 5096K [0xb0780000, 0xb1380000, 0xb4780000)
   the space 12288K,  41% used [0xb0780000, 0xb0c7a1f8, 0xb0c7a200, 0xb1380000)
No shared spaces configured.
Event: 338,401 GC heap after
Heap after GC invocations=278 (full 2):
 def new generation   total 7232K, used 346K [0x90780000, 0x90f50000, 0x9b220000)
  eden space 6464K,   0% used [0x90780000, 0x90780000, 0x90dd0000)
  from space 768K,  45% used [0x90dd0000, 0x90e269f0, 0x90e90000)
  to   space 768K,   0% used [0x90e90000, 0x90e90000, 0x90f50000)
 tenured generation   total 15928K, used 11909K [0x9b220000, 0x9c1ae000, 0xb0780000)
   the space 15928K,  74% used [0x9b220000, 0x9bdc1708, 0x9bdc1800, 0x9c1ae000)
 compacting perm gen  total 12288K, used 5096K [0xb0780000, 0xb1380000, 0xb4780000)
   the space 12288K,  41% used [0xb0780000, 0xb0c7a1f8, 0xb0c7a200, 0xb1380000)
No shared spaces configured.
}
Event: 343,293 GC heap before
{Heap before GC invocations=278 (full 2):
 def new generation   total 7232K, used 6808K [0x90780000, 0x90f50000, 0x9b220000)
  eden space 6464K,  99% used [0x90780000, 0x90dcf9f0, 0x90dd0000)
  from space 768K,  45% used [0x90dd0000, 0x90e269f0, 0x90e90000)
  to   space 768K,   0% used [0x90e90000, 0x90e90000, 0x90f50000)
 tenured generation   total 15928K, used 11909K [0x9b220000, 0x9c1ae000, 0xb0780000)
   the space 15928K,  74% used [0x9b220000, 0x9bdc1708, 0x9bdc1800, 0x9c1ae000)
 compacting perm gen  total 12288K, used 5096K [0xb0780000, 0xb1380000, 0xb4780000)
   the space 12288K,  41% used [0xb0780000, 0xb0c7a1f8, 0xb0c7a200, 0xb1380000)
No shared spaces configured.
Event: 343,300 GC heap after
Heap after GC invocations=279 (full 2):
 def new generation   total 7232K, used 380K [0x90780000, 0x90f50000, 0x9b220000)
  eden space 6464K,   0% used [0x90780000, 0x90780000, 0x90dd0000)
  from space 768K,  49% used [0x90e90000, 0x90eef2f0, 0x90f50000)
  to   space 768K,   0% used [0x90dd0000, 0x90dd0000, 0x90e90000)
 tenured generation   total 15928K, used 11909K [0x9b220000, 0x9c1ae000, 0xb0780000)
   the space 15928K,  74% used [0x9b220000, 0x9bdc1708, 0x9bdc1800, 0x9c1ae000)
 compacting perm gen  total 12288K, used 5096K [0xb0780000, 0xb1380000, 0xb4780000)
   the space 12288K,  41% used [0xb0780000, 0xb0c7a1f8, 0xb0c7a200, 0xb1380000)
No shared spaces configured.
}
Event: 348,265 GC heap before
{Heap before GC invocations=279 (full 2):
 def new generation   total 7232K, used 6844K [0x90780000, 0x90f50000, 0x9b220000)
  eden space 6464K, 100% used [0x90780000, 0x90dd0000, 0x90dd0000)
  from space 768K,  49% used [0x90e90000, 0x90eef2f0, 0x90f50000)
  to   space 768K,   0% used [0x90dd0000, 0x90dd0000, 0x90e90000)
 tenured generation   total 15928K, used 11909K [0x9b220000, 0x9c1ae000, 0xb0780000)
   the space 15928K,  74% used [0x9b220000, 0x9bdc1708, 0x9bdc1800, 0x9c1ae000)
 compacting perm gen  total 12288K, used 5096K [0xb0780000, 0xb1380000, 0xb4780000)
   the space 12288K,  41% used [0xb0780000, 0xb0c7a1f8, 0xb0c7a200, 0xb1380000)
No shared spaces configured.
Event: 348,272 GC heap after
Heap after GC invocations=280 (full 2):
 def new generation   total 7232K, used 424K [0x90780000, 0x90f50000, 0x9b220000)
  eden space 6464K,   0% used [0x90780000, 0x90780000, 0x90dd0000)
  from space 768K,  55% used [0x90dd0000, 0x90e3a030, 0x90e90000)
  to   space 768K,   0% used [0x90e90000, 0x90e90000, 0x90f50000)
 tenured generation   total 15928K, used 11909K [0x9b220000, 0x9c1ae000, 0xb0780000)
   the space 15928K,  74% used [0x9b220000, 0x9bdc1708, 0x9bdc1800, 0x9c1ae000)
 compacting perm gen  total 12288K, used 5096K [0xb0780000, 0xb1380000, 0xb4780000)
   the space 12288K,  41% used [0xb0780000, 0xb0c7a1f8, 0xb0c7a200, 0xb1380000)
No shared spaces configured.
}
Event: 353,299 GC heap before
{Heap before GC invocations=280 (full 2):
 def new generation   total 7232K, used 6888K [0x90780000, 0x90f50000, 0x9b220000)
  eden space 6464K, 100% used [0x90780000, 0x90dd0000, 0x90dd0000)
  from space 768K,  55% used [0x90dd0000, 0x90e3a030, 0x90e90000)
  to   space 768K,   0% used [0x90e90000, 0x90e90000, 0x90f50000)
 tenured generation   total 15928K, used 11909K [0x9b220000, 0x9c1ae000, 0xb0780000)
   the space 15928K,  74% used [0x9b220000, 0x9bdc1708, 0x9bdc1800, 0x9c1ae000)
 compacting perm gen  total 12288K, used 5096K [0xb0780000, 0xb1380000, 0xb4780000)
   the space 12288K,  41% used [0xb0780000, 0xb0c7a1f8, 0xb0c7a200, 0xb1380000)
No shared spaces configured.
Event: 353,306 GC heap after
Heap after GC invocations=281 (full 2):
 def new generation   total 7232K, used 424K [0x90780000, 0x90f50000, 0x9b220000)
  eden space 6464K,   0% used [0x90780000, 0x90780000, 0x90dd0000)
  from space 768K,  55% used [0x90e90000, 0x90efa078, 0x90f50000)
  to   space 768K,   0% used [0x90dd0000, 0x90dd0000, 0x90e90000)
 tenured generation   total 15928K, used 11952K [0x9b220000, 0x9c1ae000, 0xb0780000)
   the space 15928K,  75% used [0x9b220000, 0x9bdcc348, 0x9bdcc400, 0x9c1ae000)
 compacting perm gen  total 12288K, used 5096K [0xb0780000, 0xb1380000, 0xb4780000)
   the space 12288K,  41% used [0xb0780000, 0xb0c7a1f8, 0xb0c7a200, 0xb1380000)
No shared spaces configured.
}

